[INFO] [2017-12-27 17:43:21][org.springframework.web.context.ContextLoader]Root WebApplicationContext: initialization started
 [INFO] [2017-12-27 17:43:21][org.springframework.web.context.support.XmlWebApplicationContext]Refreshing Root WebApplicationContext: startup date [Wed Dec 27 17:43:21 CST 2017]; root of context hierarchy
 [INFO] [2017-12-27 17:43:21][org.springframework.beans.factory.xml.XmlBeanDefinitionReader]Loading XML bean definitions from class path resource [applicationContext.xml]
 [INFO] [2017-12-27 17:43:21][org.springframework.beans.factory.xml.XmlBeanDefinitionReader]Loading XML bean definitions from class path resource [spring-dao.xml]
 [INFO] [2017-12-27 17:43:21][org.springframework.beans.factory.xml.XmlBeanDefinitionReader]Loading XML bean definitions from class path resource [spring-db.xml]
 [INFO] [2017-12-27 17:43:21][org.springframework.beans.factory.xml.XmlBeanDefinitionReader]Loading XML bean definitions from class path resource [spring-tx.xml]
 [INFO] [2017-12-27 17:43:22][org.springframework.beans.factory.config.PropertyPlaceholderConfigurer]Loading properties file from class path resource [jdbc.properties]
 [INFO] [2017-12-27 17:43:22][org.springframework.beans.factory.annotation.AutowiredAnnotationBeanPostProcessor]JSR-330 'javax.inject.Inject' annotation found and supported for autowiring
 [ERROR] [2017-12-27 17:43:22][org.springframework.web.context.ContextLoader]Context initialization failed
 org.springframework.beans.factory.CannotLoadBeanClassException: Cannot find class [org.mybatis.spring.mapper.MapperScannerConfigurer] for bean with name 'org.mybatis.spring.mapper.MapperScannerConfigurer#0' defined in class path resource [spring-dao.xml]; nested exception is java.lang.ClassNotFoundException: org.mybatis.spring.mapper.MapperScannerConfigurer
	at org.springframework.beans.factory.support.AbstractBeanFactory.resolveBeanClass(AbstractBeanFactory.java:1327)
	at org.springframework.beans.factory.support.AbstractAutowireCapableBeanFactory.predictBeanType(AbstractAutowireCapableBeanFactory.java:594)
	at org.springframework.beans.factory.support.AbstractBeanFactory.isFactoryBean(AbstractBeanFactory.java:1396)
	at org.springframework.beans.factory.support.AbstractBeanFactory.isFactoryBean(AbstractBeanFactory.java:959)
	at org.springframework.beans.factory.support.DefaultListableBeanFactory.preInstantiateSingletons(DefaultListableBeanFactory.java:680)
	at org.springframework.context.support.AbstractApplicationContext.finishBeanFactoryInitialization(AbstractApplicationContext.java:760)
	at org.springframework.context.support.AbstractApplicationContext.refresh(AbstractApplicationContext.java:482)
	at org.springframework.web.context.ContextLoader.configureAndRefreshWebApplicationContext(ContextLoader.java:403)
	at org.springframework.web.context.ContextLoader.initWebApplicationContext(ContextLoader.java:306)
	at org.springframework.web.context.ContextLoaderListener.contextInitialized(ContextLoaderListener.java:106)
	at org.apache.catalina.core.StandardContext.listenerStart(StandardContext.java:4135)
	at org.apache.catalina.core.StandardContext.start(StandardContext.java:4630)
	at org.apache.catalina.core.ContainerBase.start(ContainerBase.java:1045)
	at org.apache.catalina.core.StandardHost.start(StandardHost.java:785)
	at org.apache.catalina.core.ContainerBase.start(ContainerBase.java:1045)
	at org.apache.catalina.core.StandardEngine.start(StandardEngine.java:445)
	at org.apache.catalina.startup.Embedded.start(Embedded.java:825)
	at org.codehaus.mojo.tomcat.AbstractRunMojo.startContainer(AbstractRunMojo.java:558)
	at org.codehaus.mojo.tomcat.AbstractRunMojo.execute(AbstractRunMojo.java:255)
	at org.apache.maven.plugin.DefaultBuildPluginManager.executeMojo(DefaultBuildPluginManager.java:134)
	at org.apache.maven.lifecycle.internal.MojoExecutor.execute(MojoExecutor.java:207)
	at org.apache.maven.lifecycle.internal.MojoExecutor.execute(MojoExecutor.java:153)
	at org.apache.maven.lifecycle.internal.MojoExecutor.execute(MojoExecutor.java:145)
	at org.apache.maven.lifecycle.internal.LifecycleModuleBuilder.buildProject(LifecycleModuleBuilder.java:116)
	at org.apache.maven.lifecycle.internal.LifecycleModuleBuilder.buildProject(LifecycleModuleBuilder.java:80)
	at org.apache.maven.lifecycle.internal.builder.singlethreaded.SingleThreadedBuilder.build(SingleThreadedBuilder.java:51)
	at org.apache.maven.lifecycle.internal.LifecycleStarter.execute(LifecycleStarter.java:128)
	at org.apache.maven.DefaultMaven.doExecute(DefaultMaven.java:307)
	at org.apache.maven.DefaultMaven.doExecute(DefaultMaven.java:193)
	at org.apache.maven.DefaultMaven.execute(DefaultMaven.java:106)
	at org.apache.maven.cli.MavenCli.execute(MavenCli.java:863)
	at org.apache.maven.cli.MavenCli.doMain(MavenCli.java:288)
	at org.apache.maven.cli.MavenCli.main(MavenCli.java:199)
	at sun.reflect.NativeMethodAccessorImpl.invoke0(Native Method)
	at sun.reflect.NativeMethodAccessorImpl.invoke(NativeMethodAccessorImpl.java:62)
	at sun.reflect.DelegatingMethodAccessorImpl.invoke(DelegatingMethodAccessorImpl.java:43)
	at java.lang.reflect.Method.invoke(Method.java:498)
	at org.codehaus.plexus.classworlds.launcher.Launcher.launchEnhanced(Launcher.java:289)
	at org.codehaus.plexus.classworlds.launcher.Launcher.launch(Launcher.java:229)
	at org.codehaus.plexus.classworlds.launcher.Launcher.mainWithExitCode(Launcher.java:415)
	at org.codehaus.plexus.classworlds.launcher.Launcher.main(Launcher.java:356)
Caused by: java.lang.ClassNotFoundException: org.mybatis.spring.mapper.MapperScannerConfigurer
	at org.apache.catalina.loader.WebappClassLoader.loadClass(WebappClassLoader.java:1645)
	at org.apache.catalina.loader.WebappClassLoader.loadClass(WebappClassLoader.java:1491)
	at org.springframework.util.ClassUtils.forName(ClassUtils.java:236)
	at org.springframework.beans.factory.support.AbstractBeanDefinition.resolveBeanClass(AbstractBeanDefinition.java:392)
	at org.springframework.beans.factory.support.AbstractBeanFactory.doResolveBeanClass(AbstractBeanFactory.java:1348)
	at org.springframework.beans.factory.support.AbstractBeanFactory.resolveBeanClass(AbstractBeanFactory.java:1319)
	... 40 more
[INFO] [2017-12-27 17:46:43][org.springframework.web.context.ContextLoader]Root WebApplicationContext: initialization started
 [INFO] [2017-12-27 17:46:44][org.springframework.web.context.support.XmlWebApplicationContext]Refreshing Root WebApplicationContext: startup date [Wed Dec 27 17:46:44 CST 2017]; root of context hierarchy
 [INFO] [2017-12-27 17:46:44][org.springframework.beans.factory.xml.XmlBeanDefinitionReader]Loading XML bean definitions from class path resource [applicationContext.xml]
 [INFO] [2017-12-27 17:46:44][org.springframework.beans.factory.xml.XmlBeanDefinitionReader]Loading XML bean definitions from class path resource [spring-dao.xml]
 [INFO] [2017-12-27 17:46:44][org.springframework.beans.factory.xml.XmlBeanDefinitionReader]Loading XML bean definitions from class path resource [spring-db.xml]
 [INFO] [2017-12-27 17:46:44][org.springframework.beans.factory.xml.XmlBeanDefinitionReader]Loading XML bean definitions from class path resource [spring-tx.xml]
 [WARN] [2017-12-27 17:46:44][org.mybatis.spring.mapper.ClassPathMapperScanner]No MyBatis mapper was found in '[com.ssm.dao]' package. Please check your configuration.
 [INFO] [2017-12-27 17:46:44][org.springframework.beans.factory.config.PropertyPlaceholderConfigurer]Loading properties file from class path resource [jdbc.properties]
 [INFO] [2017-12-27 17:46:44][org.springframework.beans.factory.annotation.AutowiredAnnotationBeanPostProcessor]JSR-330 'javax.inject.Inject' annotation found and supported for autowiring
 [ERROR] [2017-12-27 17:46:44][org.springframework.web.context.ContextLoader]Context initialization failed
 org.springframework.beans.factory.CannotLoadBeanClassException: Cannot find class [org.apache.commons.dbcp.BasicDataSource] for bean with name 'dataSource' defined in class path resource [spring-db.xml]; nested exception is java.lang.ClassNotFoundException: org.apache.commons.dbcp.BasicDataSource
	at org.springframework.beans.factory.support.AbstractBeanFactory.resolveBeanClass(AbstractBeanFactory.java:1327)
	at org.springframework.beans.factory.support.AbstractAutowireCapableBeanFactory.predictBeanType(AbstractAutowireCapableBeanFactory.java:594)
	at org.springframework.beans.factory.support.AbstractBeanFactory.isFactoryBean(AbstractBeanFactory.java:1396)
	at org.springframework.beans.factory.support.AbstractBeanFactory.isFactoryBean(AbstractBeanFactory.java:959)
	at org.springframework.beans.factory.support.DefaultListableBeanFactory.preInstantiateSingletons(DefaultListableBeanFactory.java:680)
	at org.springframework.context.support.AbstractApplicationContext.finishBeanFactoryInitialization(AbstractApplicationContext.java:760)
	at org.springframework.context.support.AbstractApplicationContext.refresh(AbstractApplicationContext.java:482)
	at org.springframework.web.context.ContextLoader.configureAndRefreshWebApplicationContext(ContextLoader.java:403)
	at org.springframework.web.context.ContextLoader.initWebApplicationContext(ContextLoader.java:306)
	at org.springframework.web.context.ContextLoaderListener.contextInitialized(ContextLoaderListener.java:106)
	at org.apache.catalina.core.StandardContext.listenerStart(StandardContext.java:4135)
	at org.apache.catalina.core.StandardContext.start(StandardContext.java:4630)
	at org.apache.catalina.core.ContainerBase.start(ContainerBase.java:1045)
	at org.apache.catalina.core.StandardHost.start(StandardHost.java:785)
	at org.apache.catalina.core.ContainerBase.start(ContainerBase.java:1045)
	at org.apache.catalina.core.StandardEngine.start(StandardEngine.java:445)
	at org.apache.catalina.startup.Embedded.start(Embedded.java:825)
	at org.codehaus.mojo.tomcat.AbstractRunMojo.startContainer(AbstractRunMojo.java:558)
	at org.codehaus.mojo.tomcat.AbstractRunMojo.execute(AbstractRunMojo.java:255)
	at org.apache.maven.plugin.DefaultBuildPluginManager.executeMojo(DefaultBuildPluginManager.java:134)
	at org.apache.maven.lifecycle.internal.MojoExecutor.execute(MojoExecutor.java:207)
	at org.apache.maven.lifecycle.internal.MojoExecutor.execute(MojoExecutor.java:153)
	at org.apache.maven.lifecycle.internal.MojoExecutor.execute(MojoExecutor.java:145)
	at org.apache.maven.lifecycle.internal.LifecycleModuleBuilder.buildProject(LifecycleModuleBuilder.java:116)
	at org.apache.maven.lifecycle.internal.LifecycleModuleBuilder.buildProject(LifecycleModuleBuilder.java:80)
	at org.apache.maven.lifecycle.internal.builder.singlethreaded.SingleThreadedBuilder.build(SingleThreadedBuilder.java:51)
	at org.apache.maven.lifecycle.internal.LifecycleStarter.execute(LifecycleStarter.java:128)
	at org.apache.maven.DefaultMaven.doExecute(DefaultMaven.java:307)
	at org.apache.maven.DefaultMaven.doExecute(DefaultMaven.java:193)
	at org.apache.maven.DefaultMaven.execute(DefaultMaven.java:106)
	at org.apache.maven.cli.MavenCli.execute(MavenCli.java:863)
	at org.apache.maven.cli.MavenCli.doMain(MavenCli.java:288)
	at org.apache.maven.cli.MavenCli.main(MavenCli.java:199)
	at sun.reflect.NativeMethodAccessorImpl.invoke0(Native Method)
	at sun.reflect.NativeMethodAccessorImpl.invoke(NativeMethodAccessorImpl.java:62)
	at sun.reflect.DelegatingMethodAccessorImpl.invoke(DelegatingMethodAccessorImpl.java:43)
	at java.lang.reflect.Method.invoke(Method.java:498)
	at org.codehaus.plexus.classworlds.launcher.Launcher.launchEnhanced(Launcher.java:289)
	at org.codehaus.plexus.classworlds.launcher.Launcher.launch(Launcher.java:229)
	at org.codehaus.plexus.classworlds.launcher.Launcher.mainWithExitCode(Launcher.java:415)
	at org.codehaus.plexus.classworlds.launcher.Launcher.main(Launcher.java:356)
Caused by: java.lang.ClassNotFoundException: org.apache.commons.dbcp.BasicDataSource
	at org.apache.catalina.loader.WebappClassLoader.loadClass(WebappClassLoader.java:1645)
	at org.apache.catalina.loader.WebappClassLoader.loadClass(WebappClassLoader.java:1491)
	at org.springframework.util.ClassUtils.forName(ClassUtils.java:236)
	at org.springframework.beans.factory.support.AbstractBeanDefinition.resolveBeanClass(AbstractBeanDefinition.java:392)
	at org.springframework.beans.factory.support.AbstractBeanFactory.doResolveBeanClass(AbstractBeanFactory.java:1348)
	at org.springframework.beans.factory.support.AbstractBeanFactory.resolveBeanClass(AbstractBeanFactory.java:1319)
	... 40 more
[INFO] [2017-12-27 17:51:39][org.springframework.web.context.ContextLoader]Root WebApplicationContext: initialization started
 [INFO] [2017-12-27 17:51:39][org.springframework.web.context.support.XmlWebApplicationContext]Refreshing Root WebApplicationContext: startup date [Wed Dec 27 17:51:39 CST 2017]; root of context hierarchy
 [INFO] [2017-12-27 17:51:39][org.springframework.beans.factory.xml.XmlBeanDefinitionReader]Loading XML bean definitions from class path resource [applicationContext.xml]
 [INFO] [2017-12-27 17:51:39][org.springframework.beans.factory.xml.XmlBeanDefinitionReader]Loading XML bean definitions from class path resource [spring-dao.xml]
 [INFO] [2017-12-27 17:51:39][org.springframework.beans.factory.xml.XmlBeanDefinitionReader]Loading XML bean definitions from class path resource [spring-db.xml]
 [INFO] [2017-12-27 17:51:39][org.springframework.beans.factory.xml.XmlBeanDefinitionReader]Loading XML bean definitions from class path resource [spring-tx.xml]
 [WARN] [2017-12-27 17:51:39][org.mybatis.spring.mapper.ClassPathMapperScanner]No MyBatis mapper was found in '[com.ssm.dao]' package. Please check your configuration.
 [INFO] [2017-12-27 17:51:39][org.springframework.beans.factory.config.PropertyPlaceholderConfigurer]Loading properties file from class path resource [jdbc.properties]
 [INFO] [2017-12-27 17:51:39][org.springframework.beans.factory.annotation.AutowiredAnnotationBeanPostProcessor]JSR-330 'javax.inject.Inject' annotation found and supported for autowiring
 [ERROR] [2017-12-27 17:51:39][org.springframework.web.context.ContextLoader]Context initialization failed
 org.springframework.beans.factory.BeanCreationException: Error creating bean with name 'sqlSessionFactory' defined in class path resource [spring-db.xml]: Initialization of bean failed; nested exception is org.springframework.beans.TypeMismatchException: Failed to convert property value of type 'java.lang.String' to required type 'org.springframework.core.io.Resource[]' for property 'mapperLocations'; nested exception is java.lang.IllegalArgumentException: Could not resolve resource location pattern [classpath:com/ssm/mapper/*.xml]: class path resource [com/ssm/mapper/] cannot be resolved to URL because it does not exist
	at org.springframework.beans.factory.support.AbstractAutowireCapableBeanFactory.doCreateBean(AbstractAutowireCapableBeanFactory.java:547)
	at org.springframework.beans.factory.support.AbstractAutowireCapableBeanFactory.createBean(AbstractAutowireCapableBeanFactory.java:475)
	at org.springframework.beans.factory.support.AbstractBeanFactory$1.getObject(AbstractBeanFactory.java:304)
	at org.springframework.beans.factory.support.DefaultSingletonBeanRegistry.getSingleton(DefaultSingletonBeanRegistry.java:228)
	at org.springframework.beans.factory.support.AbstractBeanFactory.doGetBean(AbstractBeanFactory.java:300)
	at org.springframework.beans.factory.support.AbstractBeanFactory.getBean(AbstractBeanFactory.java:195)
	at org.springframework.beans.factory.support.DefaultListableBeanFactory.preInstantiateSingletons(DefaultListableBeanFactory.java:681)
	at org.springframework.context.support.AbstractApplicationContext.finishBeanFactoryInitialization(AbstractApplicationContext.java:760)
	at org.springframework.context.support.AbstractApplicationContext.refresh(AbstractApplicationContext.java:482)
	at org.springframework.web.context.ContextLoader.configureAndRefreshWebApplicationContext(ContextLoader.java:403)
	at org.springframework.web.context.ContextLoader.initWebApplicationContext(ContextLoader.java:306)
	at org.springframework.web.context.ContextLoaderListener.contextInitialized(ContextLoaderListener.java:106)
	at org.apache.catalina.core.StandardContext.listenerStart(StandardContext.java:4135)
	at org.apache.catalina.core.StandardContext.start(StandardContext.java:4630)
	at org.apache.catalina.core.ContainerBase.start(ContainerBase.java:1045)
	at org.apache.catalina.core.StandardHost.start(StandardHost.java:785)
	at org.apache.catalina.core.ContainerBase.start(ContainerBase.java:1045)
	at org.apache.catalina.core.StandardEngine.start(StandardEngine.java:445)
	at org.apache.catalina.startup.Embedded.start(Embedded.java:825)
	at org.codehaus.mojo.tomcat.AbstractRunMojo.startContainer(AbstractRunMojo.java:558)
	at org.codehaus.mojo.tomcat.AbstractRunMojo.execute(AbstractRunMojo.java:255)
	at org.apache.maven.plugin.DefaultBuildPluginManager.executeMojo(DefaultBuildPluginManager.java:134)
	at org.apache.maven.lifecycle.internal.MojoExecutor.execute(MojoExecutor.java:207)
	at org.apache.maven.lifecycle.internal.MojoExecutor.execute(MojoExecutor.java:153)
	at org.apache.maven.lifecycle.internal.MojoExecutor.execute(MojoExecutor.java:145)
	at org.apache.maven.lifecycle.internal.LifecycleModuleBuilder.buildProject(LifecycleModuleBuilder.java:116)
	at org.apache.maven.lifecycle.internal.LifecycleModuleBuilder.buildProject(LifecycleModuleBuilder.java:80)
	at org.apache.maven.lifecycle.internal.builder.singlethreaded.SingleThreadedBuilder.build(SingleThreadedBuilder.java:51)
	at org.apache.maven.lifecycle.internal.LifecycleStarter.execute(LifecycleStarter.java:128)
	at org.apache.maven.DefaultMaven.doExecute(DefaultMaven.java:307)
	at org.apache.maven.DefaultMaven.doExecute(DefaultMaven.java:193)
	at org.apache.maven.DefaultMaven.execute(DefaultMaven.java:106)
	at org.apache.maven.cli.MavenCli.execute(MavenCli.java:863)
	at org.apache.maven.cli.MavenCli.doMain(MavenCli.java:288)
	at org.apache.maven.cli.MavenCli.main(MavenCli.java:199)
	at sun.reflect.NativeMethodAccessorImpl.invoke0(Native Method)
	at sun.reflect.NativeMethodAccessorImpl.invoke(NativeMethodAccessorImpl.java:62)
	at sun.reflect.DelegatingMethodAccessorImpl.invoke(DelegatingMethodAccessorImpl.java:43)
	at java.lang.reflect.Method.invoke(Method.java:498)
	at org.codehaus.plexus.classworlds.launcher.Launcher.launchEnhanced(Launcher.java:289)
	at org.codehaus.plexus.classworlds.launcher.Launcher.launch(Launcher.java:229)
	at org.codehaus.plexus.classworlds.launcher.Launcher.mainWithExitCode(Launcher.java:415)
	at org.codehaus.plexus.classworlds.launcher.Launcher.main(Launcher.java:356)
Caused by: org.springframework.beans.TypeMismatchException: Failed to convert property value of type 'java.lang.String' to required type 'org.springframework.core.io.Resource[]' for property 'mapperLocations'; nested exception is java.lang.IllegalArgumentException: Could not resolve resource location pattern [classpath:com/ssm/mapper/*.xml]: class path resource [com/ssm/mapper/] cannot be resolved to URL because it does not exist
	at org.springframework.beans.BeanWrapperImpl.convertIfNecessary(BeanWrapperImpl.java:479)
	at org.springframework.beans.BeanWrapperImpl.convertForProperty(BeanWrapperImpl.java:511)
	at org.springframework.beans.BeanWrapperImpl.convertForProperty(BeanWrapperImpl.java:505)
	at org.springframework.beans.factory.support.AbstractAutowireCapableBeanFactory.convertForProperty(AbstractAutowireCapableBeanFactory.java:1502)
	at org.springframework.beans.factory.support.AbstractAutowireCapableBeanFactory.applyPropertyValues(AbstractAutowireCapableBeanFactory.java:1461)
	at org.springframework.beans.factory.support.AbstractAutowireCapableBeanFactory.populateBean(AbstractAutowireCapableBeanFactory.java:1197)
	at org.springframework.beans.factory.support.AbstractAutowireCapableBeanFactory.doCreateBean(AbstractAutowireCapableBeanFactory.java:537)
	... 42 more
Caused by: java.lang.IllegalArgumentException: Could not resolve resource location pattern [classpath:com/ssm/mapper/*.xml]: class path resource [com/ssm/mapper/] cannot be resolved to URL because it does not exist
	at org.springframework.core.io.support.ResourceArrayPropertyEditor.setAsText(ResourceArrayPropertyEditor.java:140)
	at org.springframework.beans.TypeConverterDelegate.doConvertTextValue(TypeConverterDelegate.java:430)
	at org.springframework.beans.TypeConverterDelegate.doConvertValue(TypeConverterDelegate.java:403)
	at org.springframework.beans.TypeConverterDelegate.convertIfNecessary(TypeConverterDelegate.java:181)
	at org.springframework.beans.BeanWrapperImpl.convertIfNecessary(BeanWrapperImpl.java:459)
	... 48 more
[INFO] [2017-12-27 17:54:05][org.springframework.web.context.ContextLoader]Root WebApplicationContext: initialization started
 [INFO] [2017-12-27 17:54:05][org.springframework.web.context.support.XmlWebApplicationContext]Refreshing Root WebApplicationContext: startup date [Wed Dec 27 17:54:05 CST 2017]; root of context hierarchy
 [INFO] [2017-12-27 17:54:05][org.springframework.beans.factory.xml.XmlBeanDefinitionReader]Loading XML bean definitions from class path resource [applicationContext.xml]
 [INFO] [2017-12-27 17:54:05][org.springframework.beans.factory.xml.XmlBeanDefinitionReader]Loading XML bean definitions from class path resource [spring-dao.xml]
 [INFO] [2017-12-27 17:54:05][org.springframework.beans.factory.xml.XmlBeanDefinitionReader]Loading XML bean definitions from class path resource [spring-db.xml]
 [INFO] [2017-12-27 17:54:05][org.springframework.beans.factory.xml.XmlBeanDefinitionReader]Loading XML bean definitions from class path resource [spring-tx.xml]
 [WARN] [2017-12-27 17:54:05][org.mybatis.spring.mapper.ClassPathMapperScanner]No MyBatis mapper was found in '[com.ssm.dao]' package. Please check your configuration.
 [INFO] [2017-12-27 17:54:05][org.springframework.beans.factory.config.PropertyPlaceholderConfigurer]Loading properties file from class path resource [jdbc.properties]
 [INFO] [2017-12-27 17:54:05][org.springframework.beans.factory.annotation.AutowiredAnnotationBeanPostProcessor]JSR-330 'javax.inject.Inject' annotation found and supported for autowiring
 [INFO] [2017-12-27 17:54:05][org.springframework.web.context.ContextLoader]Root WebApplicationContext: initialization completed in 320 ms
 [INFO] [2017-12-27 17:54:05][org.springframework.web.servlet.DispatcherServlet]FrameworkServlet 'SpringMVC': initialization started
 [INFO] [2017-12-27 17:54:05][org.springframework.web.context.support.XmlWebApplicationContext]Refreshing WebApplicationContext for namespace 'SpringMVC-servlet': startup date [Wed Dec 27 17:54:05 CST 2017]; parent: Root WebApplicationContext
 [INFO] [2017-12-27 17:54:05][org.springframework.beans.factory.xml.XmlBeanDefinitionReader]Loading XML bean definitions from ServletContext resource [/WEB-INF/spring-mvc.xml]
 [INFO] [2017-12-27 17:54:06][org.springframework.beans.factory.annotation.AutowiredAnnotationBeanPostProcessor]JSR-330 'javax.inject.Inject' annotation found and supported for autowiring
 [INFO] [2017-12-27 17:54:06][org.springframework.web.servlet.handler.SimpleUrlHandlerMapping]Mapped URL path [/**] onto handler 'org.springframework.web.servlet.resource.DefaultServletHttpRequestHandler#0'
 [INFO] [2017-12-27 17:54:06][org.springframework.web.servlet.DispatcherServlet]FrameworkServlet 'SpringMVC': initialization completed in 573 ms
 [INFO] [2017-12-29 21:44:45][org.springframework.web.context.ContextLoader]Root WebApplicationContext: initialization started
 [INFO] [2017-12-29 21:44:45][org.springframework.web.context.support.XmlWebApplicationContext]Refreshing Root WebApplicationContext: startup date [Fri Dec 29 21:44:45 CST 2017]; root of context hierarchy
 [INFO] [2017-12-29 21:44:46][org.springframework.beans.factory.xml.XmlBeanDefinitionReader]Loading XML bean definitions from class path resource [applicationContext.xml]
 [INFO] [2017-12-29 21:44:46][org.springframework.beans.factory.xml.XmlBeanDefinitionReader]Loading XML bean definitions from class path resource [spring-dao.xml]
 [INFO] [2017-12-29 21:44:46][org.springframework.beans.factory.xml.XmlBeanDefinitionReader]Loading XML bean definitions from class path resource [spring-db.xml]
 [INFO] [2017-12-29 21:44:46][org.springframework.beans.factory.xml.XmlBeanDefinitionReader]Loading XML bean definitions from class path resource [spring-tx.xml]
 [WARN] [2017-12-29 21:44:46][org.mybatis.spring.mapper.ClassPathMapperScanner]No MyBatis mapper was found in '[cn.upc.database.dao]' package. Please check your configuration.
 [INFO] [2017-12-29 21:44:46][org.springframework.beans.factory.config.PropertyPlaceholderConfigurer]Loading properties file from class path resource [jdbc.properties]
 [INFO] [2017-12-29 21:44:46][org.springframework.web.context.ContextLoader]Root WebApplicationContext: initialization completed in 792 ms
 [INFO] [2017-12-29 21:44:46][org.springframework.web.servlet.DispatcherServlet]FrameworkServlet 'SpringMVC': initialization started
 [INFO] [2017-12-29 21:44:46][org.springframework.web.context.support.XmlWebApplicationContext]Refreshing WebApplicationContext for namespace 'SpringMVC-servlet': startup date [Fri Dec 29 21:44:46 CST 2017]; parent: Root WebApplicationContext
 [INFO] [2017-12-29 21:44:46][org.springframework.beans.factory.xml.XmlBeanDefinitionReader]Loading XML bean definitions from ServletContext resource [/WEB-INF/spring-mvc.xml]
 [INFO] [2017-12-29 21:44:47][org.springframework.web.servlet.handler.SimpleUrlHandlerMapping]Mapped URL path [/**] onto handler 'org.springframework.web.servlet.resource.DefaultServletHttpRequestHandler#0'
 [INFO] [2017-12-29 21:44:47][org.springframework.web.servlet.DispatcherServlet]FrameworkServlet 'SpringMVC': initialization completed in 702 ms
 [INFO] [2017-12-29 21:50:07][org.springframework.web.context.ContextLoader]Root WebApplicationContext: initialization started
 [INFO] [2017-12-29 21:50:07][org.springframework.web.context.support.XmlWebApplicationContext]Refreshing Root WebApplicationContext: startup date [Fri Dec 29 21:50:07 CST 2017]; root of context hierarchy
 [INFO] [2017-12-29 21:50:07][org.springframework.beans.factory.xml.XmlBeanDefinitionReader]Loading XML bean definitions from class path resource [applicationContext.xml]
 [INFO] [2017-12-29 21:50:07][org.springframework.beans.factory.xml.XmlBeanDefinitionReader]Loading XML bean definitions from class path resource [spring-dao.xml]
 [INFO] [2017-12-29 21:50:08][org.springframework.beans.factory.xml.XmlBeanDefinitionReader]Loading XML bean definitions from class path resource [spring-db.xml]
 [INFO] [2017-12-29 21:50:08][org.springframework.beans.factory.xml.XmlBeanDefinitionReader]Loading XML bean definitions from class path resource [spring-tx.xml]
 [WARN] [2017-12-29 21:50:08][org.mybatis.spring.mapper.ClassPathMapperScanner]No MyBatis mapper was found in '[cn.upc.database.dao]' package. Please check your configuration.
 [INFO] [2017-12-29 21:50:08][org.springframework.beans.factory.config.PropertyPlaceholderConfigurer]Loading properties file from class path resource [jdbc.properties]
 [INFO] [2017-12-29 21:50:08][org.springframework.web.context.ContextLoader]Root WebApplicationContext: initialization completed in 648 ms
 [INFO] [2017-12-29 21:50:08][org.springframework.web.servlet.DispatcherServlet]FrameworkServlet 'SpringMVC': initialization started
 [INFO] [2017-12-29 21:50:08][org.springframework.web.context.support.XmlWebApplicationContext]Refreshing WebApplicationContext for namespace 'SpringMVC-servlet': startup date [Fri Dec 29 21:50:08 CST 2017]; parent: Root WebApplicationContext
 [INFO] [2017-12-29 21:50:08][org.springframework.beans.factory.xml.XmlBeanDefinitionReader]Loading XML bean definitions from ServletContext resource [/WEB-INF/spring-mvc.xml]
 [INFO] [2017-12-29 21:50:08][org.springframework.web.servlet.handler.SimpleUrlHandlerMapping]Mapped URL path [/**] onto handler 'org.springframework.web.servlet.resource.DefaultServletHttpRequestHandler#0'
 [INFO] [2017-12-29 21:50:09][org.springframework.web.servlet.DispatcherServlet]FrameworkServlet 'SpringMVC': initialization completed in 657 ms
 [INFO] [2017-12-29 21:51:57][org.springframework.web.context.ContextLoader]Root WebApplicationContext: initialization started
 [INFO] [2017-12-29 21:51:57][org.springframework.web.context.support.XmlWebApplicationContext]Refreshing Root WebApplicationContext: startup date [Fri Dec 29 21:51:57 CST 2017]; root of context hierarchy
 [INFO] [2017-12-29 21:51:57][org.springframework.beans.factory.xml.XmlBeanDefinitionReader]Loading XML bean definitions from class path resource [applicationContext.xml]
 [INFO] [2017-12-29 21:51:57][org.springframework.beans.factory.xml.XmlBeanDefinitionReader]Loading XML bean definitions from class path resource [spring-dao.xml]
 [INFO] [2017-12-29 21:51:57][org.springframework.beans.factory.xml.XmlBeanDefinitionReader]Loading XML bean definitions from class path resource [spring-db.xml]
 [INFO] [2017-12-29 21:51:58][org.springframework.beans.factory.xml.XmlBeanDefinitionReader]Loading XML bean definitions from class path resource [spring-tx.xml]
 [WARN] [2017-12-29 21:51:58][org.mybatis.spring.mapper.ClassPathMapperScanner]No MyBatis mapper was found in '[cn.upc.database.dao]' package. Please check your configuration.
 [INFO] [2017-12-29 21:51:58][org.springframework.beans.factory.config.PropertyPlaceholderConfigurer]Loading properties file from class path resource [jdbc.properties]
 [INFO] [2017-12-29 21:51:58][org.springframework.web.context.ContextLoader]Root WebApplicationContext: initialization completed in 648 ms
 [INFO] [2017-12-29 21:51:58][org.springframework.web.servlet.DispatcherServlet]FrameworkServlet 'SpringMVC': initialization started
 [INFO] [2017-12-29 21:51:58][org.springframework.web.context.support.XmlWebApplicationContext]Refreshing WebApplicationContext for namespace 'SpringMVC-servlet': startup date [Fri Dec 29 21:51:58 CST 2017]; parent: Root WebApplicationContext
 [INFO] [2017-12-29 21:51:58][org.springframework.beans.factory.xml.XmlBeanDefinitionReader]Loading XML bean definitions from ServletContext resource [/WEB-INF/spring-mvc.xml]
 [INFO] [2017-12-29 21:51:58][org.springframework.web.servlet.mvc.method.annotation.RequestMappingHandlerMapping]Mapped "{[/auth/adminLogin],methods=[GET],params=[],headers=[],consumes=[],produces=[appliction/json],custom=[]}" onto public cn.upc.database.utils.ResultData<java.util.Map<java.lang.String, java.lang.Integer>> cn.upc.database.controller.LoginController.adminLogin()
 [INFO] [2017-12-29 21:51:58][org.springframework.web.servlet.handler.SimpleUrlHandlerMapping]Mapped URL path [/**] onto handler 'org.springframework.web.servlet.resource.DefaultServletHttpRequestHandler#0'
 [INFO] [2017-12-29 21:51:59][org.springframework.web.servlet.DispatcherServlet]FrameworkServlet 'SpringMVC': initialization completed in 698 ms
 [INFO] [2017-12-29 21:55:43][org.springframework.web.context.ContextLoader]Root WebApplicationContext: initialization started
 [INFO] [2017-12-29 21:55:43][org.springframework.web.context.support.XmlWebApplicationContext]Refreshing Root WebApplicationContext: startup date [Fri Dec 29 21:55:43 CST 2017]; root of context hierarchy
 [INFO] [2017-12-29 21:55:43][org.springframework.beans.factory.xml.XmlBeanDefinitionReader]Loading XML bean definitions from class path resource [applicationContext.xml]
 [INFO] [2017-12-29 21:55:43][org.springframework.beans.factory.xml.XmlBeanDefinitionReader]Loading XML bean definitions from class path resource [spring-dao.xml]
 [INFO] [2017-12-29 21:55:43][org.springframework.beans.factory.xml.XmlBeanDefinitionReader]Loading XML bean definitions from class path resource [spring-db.xml]
 [INFO] [2017-12-29 21:55:43][org.springframework.beans.factory.xml.XmlBeanDefinitionReader]Loading XML bean definitions from class path resource [spring-tx.xml]
 [WARN] [2017-12-29 21:55:43][org.mybatis.spring.mapper.ClassPathMapperScanner]No MyBatis mapper was found in '[cn.upc.database.dao]' package. Please check your configuration.
 [INFO] [2017-12-29 21:55:43][org.springframework.beans.factory.config.PropertyPlaceholderConfigurer]Loading properties file from class path resource [jdbc.properties]
 [INFO] [2017-12-29 21:55:43][org.springframework.web.context.ContextLoader]Root WebApplicationContext: initialization completed in 656 ms
 [INFO] [2017-12-29 21:55:43][org.springframework.web.servlet.DispatcherServlet]FrameworkServlet 'SpringMVC': initialization started
 [INFO] [2017-12-29 21:55:43][org.springframework.web.context.support.XmlWebApplicationContext]Refreshing WebApplicationContext for namespace 'SpringMVC-servlet': startup date [Fri Dec 29 21:55:43 CST 2017]; parent: Root WebApplicationContext
 [INFO] [2017-12-29 21:55:43][org.springframework.beans.factory.xml.XmlBeanDefinitionReader]Loading XML bean definitions from ServletContext resource [/WEB-INF/spring-mvc.xml]
 [INFO] [2017-12-29 21:55:44][org.springframework.web.servlet.mvc.method.annotation.RequestMappingHandlerMapping]Mapped "{[/auth/adminLogin],methods=[GET],params=[],headers=[],consumes=[],produces=[appliction/json],custom=[]}" onto public cn.upc.database.utils.ResultData<java.util.Map<java.lang.String, java.lang.Integer>> cn.upc.database.controller.LoginController.adminLogin()
 [INFO] [2017-12-29 21:55:44][org.springframework.web.servlet.handler.SimpleUrlHandlerMapping]Mapped URL path [/**] onto handler 'org.springframework.web.servlet.resource.DefaultServletHttpRequestHandler#0'
 [INFO] [2017-12-29 21:55:44][org.springframework.web.servlet.DispatcherServlet]FrameworkServlet 'SpringMVC': initialization completed in 1024 ms
 [INFO] [2017-12-29 21:57:27][org.springframework.web.context.ContextLoader]Root WebApplicationContext: initialization started
 [INFO] [2017-12-29 21:57:27][org.springframework.web.context.support.XmlWebApplicationContext]Refreshing Root WebApplicationContext: startup date [Fri Dec 29 21:57:27 CST 2017]; root of context hierarchy
 [INFO] [2017-12-29 21:57:27][org.springframework.beans.factory.xml.XmlBeanDefinitionReader]Loading XML bean definitions from class path resource [applicationContext.xml]
 [INFO] [2017-12-29 21:57:28][org.springframework.beans.factory.xml.XmlBeanDefinitionReader]Loading XML bean definitions from class path resource [spring-dao.xml]
 [INFO] [2017-12-29 21:57:28][org.springframework.beans.factory.xml.XmlBeanDefinitionReader]Loading XML bean definitions from class path resource [spring-db.xml]
 [INFO] [2017-12-29 21:57:28][org.springframework.beans.factory.xml.XmlBeanDefinitionReader]Loading XML bean definitions from class path resource [spring-tx.xml]
 [WARN] [2017-12-29 21:57:28][org.mybatis.spring.mapper.ClassPathMapperScanner]No MyBatis mapper was found in '[cn.upc.database.dao]' package. Please check your configuration.
 [INFO] [2017-12-29 21:57:28][org.springframework.beans.factory.config.PropertyPlaceholderConfigurer]Loading properties file from class path resource [jdbc.properties]
 [INFO] [2017-12-29 21:57:28][org.springframework.web.context.ContextLoader]Root WebApplicationContext: initialization completed in 942 ms
 [INFO] [2017-12-29 21:57:28][org.springframework.web.servlet.DispatcherServlet]FrameworkServlet 'SpringMVC': initialization started
 [INFO] [2017-12-29 21:57:28][org.springframework.web.context.support.XmlWebApplicationContext]Refreshing WebApplicationContext for namespace 'SpringMVC-servlet': startup date [Fri Dec 29 21:57:28 CST 2017]; parent: Root WebApplicationContext
 [INFO] [2017-12-29 21:57:28][org.springframework.beans.factory.xml.XmlBeanDefinitionReader]Loading XML bean definitions from ServletContext resource [/WEB-INF/spring-mvc.xml]
 [INFO] [2017-12-29 21:57:29][org.springframework.web.servlet.mvc.method.annotation.RequestMappingHandlerMapping]Mapped "{[/auth/adminLogin],methods=[GET],params=[],headers=[],consumes=[],produces=[appliction/json],custom=[]}" onto public cn.upc.database.utils.ResultData<java.util.Map<java.lang.String, java.lang.Integer>> cn.upc.database.controller.LoginController.adminLogin()
 [INFO] [2017-12-29 21:57:29][org.springframework.web.servlet.handler.SimpleUrlHandlerMapping]Mapped URL path [/**] onto handler 'org.springframework.web.servlet.resource.DefaultServletHttpRequestHandler#0'
 [INFO] [2017-12-29 21:57:29][org.springframework.web.servlet.DispatcherServlet]FrameworkServlet 'SpringMVC': initialization completed in 1318 ms
 [INFO] [2017-12-29 21:58:39][org.springframework.web.context.ContextLoader]Root WebApplicationContext: initialization started
 [INFO] [2017-12-29 21:58:39][org.springframework.web.context.support.XmlWebApplicationContext]Refreshing Root WebApplicationContext: startup date [Fri Dec 29 21:58:39 CST 2017]; root of context hierarchy
 [INFO] [2017-12-29 21:58:39][org.springframework.beans.factory.xml.XmlBeanDefinitionReader]Loading XML bean definitions from class path resource [applicationContext.xml]
 [INFO] [2017-12-29 21:58:39][org.springframework.beans.factory.xml.XmlBeanDefinitionReader]Loading XML bean definitions from class path resource [spring-dao.xml]
 [INFO] [2017-12-29 21:58:39][org.springframework.beans.factory.xml.XmlBeanDefinitionReader]Loading XML bean definitions from class path resource [spring-db.xml]
 [INFO] [2017-12-29 21:58:39][org.springframework.beans.factory.xml.XmlBeanDefinitionReader]Loading XML bean definitions from class path resource [spring-tx.xml]
 [WARN] [2017-12-29 21:58:39][org.mybatis.spring.mapper.ClassPathMapperScanner]No MyBatis mapper was found in '[cn.upc.database.dao]' package. Please check your configuration.
 [INFO] [2017-12-29 21:58:39][org.springframework.beans.factory.config.PropertyPlaceholderConfigurer]Loading properties file from class path resource [jdbc.properties]
 [INFO] [2017-12-29 21:58:39][org.springframework.web.context.ContextLoader]Root WebApplicationContext: initialization completed in 692 ms
 [INFO] [2017-12-29 21:58:39][org.springframework.web.servlet.DispatcherServlet]FrameworkServlet 'SpringMVC': initialization started
 [INFO] [2017-12-29 21:58:39][org.springframework.web.context.support.XmlWebApplicationContext]Refreshing WebApplicationContext for namespace 'SpringMVC-servlet': startup date [Fri Dec 29 21:58:39 CST 2017]; parent: Root WebApplicationContext
 [INFO] [2017-12-29 21:58:39][org.springframework.beans.factory.xml.XmlBeanDefinitionReader]Loading XML bean definitions from ServletContext resource [/WEB-INF/spring-mvc.xml]
 [INFO] [2017-12-29 21:58:40][org.springframework.web.servlet.mvc.method.annotation.RequestMappingHandlerMapping]Mapped "{[/auth/adminLogin],methods=[GET],params=[],headers=[],consumes=[],produces=[application/json],custom=[]}" onto public cn.upc.database.utils.ResultData<java.util.Map<java.lang.String, java.lang.Integer>> cn.upc.database.controller.LoginController.adminLogin()
 [INFO] [2017-12-29 21:58:40][org.springframework.web.servlet.handler.SimpleUrlHandlerMapping]Mapped URL path [/**] onto handler 'org.springframework.web.servlet.resource.DefaultServletHttpRequestHandler#0'
 [INFO] [2017-12-29 21:58:40][org.springframework.web.servlet.DispatcherServlet]FrameworkServlet 'SpringMVC': initialization completed in 909 ms
 [INFO] [2018-01-03 14:52:12][org.springframework.web.context.ContextLoader]Root WebApplicationContext: initialization started
 [INFO] [2018-01-03 14:52:12][org.springframework.web.context.support.XmlWebApplicationContext]Refreshing Root WebApplicationContext: startup date [Wed Jan 03 14:52:12 CST 2018]; root of context hierarchy
 [INFO] [2018-01-03 14:52:12][org.springframework.beans.factory.xml.XmlBeanDefinitionReader]Loading XML bean definitions from class path resource [applicationContext.xml]
 [INFO] [2018-01-03 14:52:12][org.springframework.beans.factory.xml.XmlBeanDefinitionReader]Loading XML bean definitions from class path resource [spring-dao.xml]
 [INFO] [2018-01-03 14:52:12][org.springframework.beans.factory.xml.XmlBeanDefinitionReader]Loading XML bean definitions from class path resource [spring-db.xml]
 [INFO] [2018-01-03 14:52:12][org.springframework.beans.factory.xml.XmlBeanDefinitionReader]Loading XML bean definitions from class path resource [spring-tx.xml]
 [WARN] [2018-01-03 14:52:12][org.mybatis.spring.mapper.ClassPathMapperScanner]No MyBatis mapper was found in '[cn.upc.database.dao]' package. Please check your configuration.
 [INFO] [2018-01-03 14:52:12][org.springframework.beans.factory.config.PropertyPlaceholderConfigurer]Loading properties file from class path resource [jdbc.properties]
 [INFO] [2018-01-03 14:52:12][org.springframework.web.context.ContextLoader]Root WebApplicationContext: initialization completed in 551 ms
 [INFO] [2018-01-03 14:52:12][org.springframework.web.servlet.DispatcherServlet]FrameworkServlet 'SpringMVC': initialization started
 [INFO] [2018-01-03 14:52:12][org.springframework.web.context.support.XmlWebApplicationContext]Refreshing WebApplicationContext for namespace 'SpringMVC-servlet': startup date [Wed Jan 03 14:52:12 CST 2018]; parent: Root WebApplicationContext
 [INFO] [2018-01-03 14:52:12][org.springframework.beans.factory.xml.XmlBeanDefinitionReader]Loading XML bean definitions from ServletContext resource [/WEB-INF/spring-mvc.xml]
 [INFO] [2018-01-03 14:52:13][org.springframework.web.servlet.mvc.method.annotation.RequestMappingHandlerMapping]Mapped "{[/auth/adminLogin],methods=[GET],params=[],headers=[],consumes=[],produces=[application/json],custom=[]}" onto public cn.upc.database.utils.ResultData<java.util.Map<java.lang.String, java.lang.Integer>> cn.upc.database.controller.login.LoginController.adminLogin()
 [INFO] [2018-01-03 14:52:14][org.springframework.web.servlet.handler.SimpleUrlHandlerMapping]Mapped URL path [/**] onto handler 'org.springframework.web.servlet.resource.DefaultServletHttpRequestHandler#0'
 [INFO] [2018-01-03 14:52:14][org.springframework.web.servlet.DispatcherServlet]FrameworkServlet 'SpringMVC': initialization completed in 1487 ms
 [INFO] [2018-01-03 15:03:17][org.springframework.web.context.ContextLoader]Root WebApplicationContext: initialization started
 [INFO] [2018-01-03 15:03:17][org.springframework.web.context.support.XmlWebApplicationContext]Refreshing Root WebApplicationContext: startup date [Wed Jan 03 15:03:17 CST 2018]; root of context hierarchy
 [INFO] [2018-01-03 15:03:17][org.springframework.beans.factory.xml.XmlBeanDefinitionReader]Loading XML bean definitions from class path resource [applicationContext.xml]
 [INFO] [2018-01-03 15:03:17][org.springframework.beans.factory.xml.XmlBeanDefinitionReader]Loading XML bean definitions from class path resource [spring-dao.xml]
 [INFO] [2018-01-03 15:03:17][org.springframework.beans.factory.xml.XmlBeanDefinitionReader]Loading XML bean definitions from class path resource [spring-db.xml]
 [INFO] [2018-01-03 15:03:17][org.springframework.beans.factory.xml.XmlBeanDefinitionReader]Loading XML bean definitions from class path resource [spring-tx.xml]
 [WARN] [2018-01-03 15:03:17][org.mybatis.spring.mapper.ClassPathMapperScanner]No MyBatis mapper was found in '[cn.upc.database.dao]' package. Please check your configuration.
 [INFO] [2018-01-03 15:03:17][org.springframework.beans.factory.config.PropertyPlaceholderConfigurer]Loading properties file from class path resource [jdbc.properties]
 [INFO] [2018-01-03 15:03:17][org.springframework.web.context.ContextLoader]Root WebApplicationContext: initialization completed in 433 ms
 [INFO] [2018-01-03 15:03:17][org.springframework.web.servlet.DispatcherServlet]FrameworkServlet 'SpringMVC': initialization started
 [INFO] [2018-01-03 15:03:17][org.springframework.web.context.support.XmlWebApplicationContext]Refreshing WebApplicationContext for namespace 'SpringMVC-servlet': startup date [Wed Jan 03 15:03:17 CST 2018]; parent: Root WebApplicationContext
 [INFO] [2018-01-03 15:03:17][org.springframework.beans.factory.xml.XmlBeanDefinitionReader]Loading XML bean definitions from ServletContext resource [/WEB-INF/spring-mvc.xml]
 [INFO] [2018-01-03 15:03:18][org.springframework.web.servlet.mvc.method.annotation.RequestMappingHandlerMapping]Mapped "{[/auth/adminLogin],methods=[GET],params=[],headers=[],consumes=[],produces=[application/json],custom=[]}" onto public cn.upc.database.utils.ResultData<java.util.Map<java.lang.String, java.lang.Integer>> cn.upc.database.controller.login.LoginController.adminLogin()
 [INFO] [2018-01-03 15:03:18][org.springframework.web.servlet.handler.SimpleUrlHandlerMapping]Mapped URL path [/**] onto handler 'org.springframework.web.servlet.resource.DefaultServletHttpRequestHandler#0'
 [INFO] [2018-01-03 15:03:18][org.springframework.web.servlet.DispatcherServlet]FrameworkServlet 'SpringMVC': initialization completed in 594 ms
 [INFO] [2018-01-03 15:10:52][org.springframework.web.context.ContextLoader]Root WebApplicationContext: initialization started
 [INFO] [2018-01-03 15:10:52][org.springframework.web.context.support.XmlWebApplicationContext]Refreshing Root WebApplicationContext: startup date [Wed Jan 03 15:10:52 CST 2018]; root of context hierarchy
 [INFO] [2018-01-03 15:10:52][org.springframework.beans.factory.xml.XmlBeanDefinitionReader]Loading XML bean definitions from class path resource [applicationContext.xml]
 [INFO] [2018-01-03 15:10:52][org.springframework.beans.factory.xml.XmlBeanDefinitionReader]Loading XML bean definitions from class path resource [spring-dao.xml]
 [INFO] [2018-01-03 15:10:52][org.springframework.beans.factory.xml.XmlBeanDefinitionReader]Loading XML bean definitions from class path resource [spring-db.xml]
 [INFO] [2018-01-03 15:10:52][org.springframework.beans.factory.xml.XmlBeanDefinitionReader]Loading XML bean definitions from class path resource [spring-tx.xml]
 [WARN] [2018-01-03 15:10:52][org.mybatis.spring.mapper.ClassPathMapperScanner]No MyBatis mapper was found in '[cn.upc.database.dao]' package. Please check your configuration.
 [INFO] [2018-01-03 15:10:52][org.springframework.beans.factory.config.PropertyPlaceholderConfigurer]Loading properties file from class path resource [jdbc.properties]
 [INFO] [2018-01-03 15:10:52][org.springframework.web.context.ContextLoader]Root WebApplicationContext: initialization completed in 420 ms
 [INFO] [2018-01-03 15:10:52][org.springframework.web.servlet.DispatcherServlet]FrameworkServlet 'SpringMVC': initialization started
 [INFO] [2018-01-03 15:10:52][org.springframework.web.context.support.XmlWebApplicationContext]Refreshing WebApplicationContext for namespace 'SpringMVC-servlet': startup date [Wed Jan 03 15:10:52 CST 2018]; parent: Root WebApplicationContext
 [INFO] [2018-01-03 15:10:52][org.springframework.beans.factory.xml.XmlBeanDefinitionReader]Loading XML bean definitions from ServletContext resource [/WEB-INF/spring-mvc.xml]
 [INFO] [2018-01-03 15:10:53][org.springframework.web.servlet.mvc.method.annotation.RequestMappingHandlerMapping]Mapped "{[/auth/adminLogin],methods=[GET],params=[],headers=[],consumes=[],produces=[application/json],custom=[]}" onto public cn.upc.database.utils.ResultData<cn.upc.database.controller.login.User> cn.upc.database.controller.login.LoginController.adminLogin()
 [INFO] [2018-01-03 15:10:53][org.springframework.web.servlet.handler.SimpleUrlHandlerMapping]Mapped URL path [/**] onto handler 'org.springframework.web.servlet.resource.DefaultServletHttpRequestHandler#0'
 [INFO] [2018-01-03 15:10:53][org.springframework.web.servlet.DispatcherServlet]FrameworkServlet 'SpringMVC': initialization completed in 584 ms
 [INFO] [2018-01-03 15:12:23][org.springframework.web.context.ContextLoader]Root WebApplicationContext: initialization started
 [INFO] [2018-01-03 15:12:23][org.springframework.web.context.support.XmlWebApplicationContext]Refreshing Root WebApplicationContext: startup date [Wed Jan 03 15:12:23 CST 2018]; root of context hierarchy
 [INFO] [2018-01-03 15:12:23][org.springframework.beans.factory.xml.XmlBeanDefinitionReader]Loading XML bean definitions from class path resource [applicationContext.xml]
 [INFO] [2018-01-03 15:12:23][org.springframework.beans.factory.xml.XmlBeanDefinitionReader]Loading XML bean definitions from class path resource [spring-dao.xml]
 [INFO] [2018-01-03 15:12:23][org.springframework.beans.factory.xml.XmlBeanDefinitionReader]Loading XML bean definitions from class path resource [spring-db.xml]
 [INFO] [2018-01-03 15:12:23][org.springframework.beans.factory.xml.XmlBeanDefinitionReader]Loading XML bean definitions from class path resource [spring-tx.xml]
 [WARN] [2018-01-03 15:12:24][org.mybatis.spring.mapper.ClassPathMapperScanner]No MyBatis mapper was found in '[cn.upc.database.dao]' package. Please check your configuration.
 [INFO] [2018-01-03 15:12:24][org.springframework.beans.factory.config.PropertyPlaceholderConfigurer]Loading properties file from class path resource [jdbc.properties]
 [INFO] [2018-01-03 15:12:24][org.springframework.web.context.ContextLoader]Root WebApplicationContext: initialization completed in 412 ms
 [INFO] [2018-01-03 15:12:24][org.springframework.web.servlet.DispatcherServlet]FrameworkServlet 'SpringMVC': initialization started
 [INFO] [2018-01-03 15:12:24][org.springframework.web.context.support.XmlWebApplicationContext]Refreshing WebApplicationContext for namespace 'SpringMVC-servlet': startup date [Wed Jan 03 15:12:24 CST 2018]; parent: Root WebApplicationContext
 [INFO] [2018-01-03 15:12:24][org.springframework.beans.factory.xml.XmlBeanDefinitionReader]Loading XML bean definitions from ServletContext resource [/WEB-INF/spring-mvc.xml]
 [INFO] [2018-01-03 15:12:24][org.springframework.web.servlet.mvc.method.annotation.RequestMappingHandlerMapping]Mapped "{[/auth/adminLogin],methods=[GET],params=[],headers=[],consumes=[],produces=[application/json],custom=[]}" onto public cn.upc.database.utils.ResultData<cn.upc.database.controller.login.User> cn.upc.database.controller.login.LoginController.adminLogin(cn.upc.database.controller.login.User)
 [INFO] [2018-01-03 15:12:24][org.springframework.web.servlet.handler.SimpleUrlHandlerMapping]Mapped URL path [/**] onto handler 'org.springframework.web.servlet.resource.DefaultServletHttpRequestHandler#0'
 [INFO] [2018-01-03 15:12:24][org.springframework.web.servlet.DispatcherServlet]FrameworkServlet 'SpringMVC': initialization completed in 601 ms
 [INFO] [2018-01-03 15:16:25][org.springframework.web.context.ContextLoader]Root WebApplicationContext: initialization started
 [INFO] [2018-01-03 15:16:25][org.springframework.web.context.support.XmlWebApplicationContext]Refreshing Root WebApplicationContext: startup date [Wed Jan 03 15:16:25 CST 2018]; root of context hierarchy
 [INFO] [2018-01-03 15:16:25][org.springframework.beans.factory.xml.XmlBeanDefinitionReader]Loading XML bean definitions from class path resource [applicationContext.xml]
 [INFO] [2018-01-03 15:16:25][org.springframework.beans.factory.xml.XmlBeanDefinitionReader]Loading XML bean definitions from class path resource [spring-dao.xml]
 [INFO] [2018-01-03 15:16:25][org.springframework.beans.factory.xml.XmlBeanDefinitionReader]Loading XML bean definitions from class path resource [spring-db.xml]
 [INFO] [2018-01-03 15:16:25][org.springframework.beans.factory.xml.XmlBeanDefinitionReader]Loading XML bean definitions from class path resource [spring-tx.xml]
 [WARN] [2018-01-03 15:16:25][org.mybatis.spring.mapper.ClassPathMapperScanner]No MyBatis mapper was found in '[cn.upc.database.dao]' package. Please check your configuration.
 [INFO] [2018-01-03 15:16:25][org.springframework.beans.factory.config.PropertyPlaceholderConfigurer]Loading properties file from class path resource [jdbc.properties]
 [INFO] [2018-01-03 15:16:25][org.springframework.web.context.ContextLoader]Root WebApplicationContext: initialization completed in 411 ms
 [INFO] [2018-01-03 15:16:25][org.springframework.web.servlet.DispatcherServlet]FrameworkServlet 'SpringMVC': initialization started
 [INFO] [2018-01-03 15:16:25][org.springframework.web.context.support.XmlWebApplicationContext]Refreshing WebApplicationContext for namespace 'SpringMVC-servlet': startup date [Wed Jan 03 15:16:25 CST 2018]; parent: Root WebApplicationContext
 [INFO] [2018-01-03 15:16:25][org.springframework.beans.factory.xml.XmlBeanDefinitionReader]Loading XML bean definitions from ServletContext resource [/WEB-INF/spring-mvc.xml]
 [INFO] [2018-01-03 15:16:25][org.springframework.web.servlet.mvc.method.annotation.RequestMappingHandlerMapping]Mapped "{[/auth/adminLogin],methods=[GET],params=[],headers=[],consumes=[],produces=[application/json],custom=[]}" onto public cn.upc.database.utils.ResultData<cn.upc.database.controller.login.User> cn.upc.database.controller.login.LoginController.adminLogin(cn.upc.database.controller.login.User)
 [INFO] [2018-01-03 15:16:26][org.springframework.web.servlet.handler.SimpleUrlHandlerMapping]Mapped URL path [/**] onto handler 'org.springframework.web.servlet.resource.DefaultServletHttpRequestHandler#0'
 [INFO] [2018-01-03 15:16:26][org.springframework.web.servlet.DispatcherServlet]FrameworkServlet 'SpringMVC': initialization completed in 588 ms
 [INFO] [2018-01-03 15:17:19][org.springframework.web.context.ContextLoader]Root WebApplicationContext: initialization started
 [INFO] [2018-01-03 15:17:19][org.springframework.web.context.support.XmlWebApplicationContext]Refreshing Root WebApplicationContext: startup date [Wed Jan 03 15:17:19 CST 2018]; root of context hierarchy
 [INFO] [2018-01-03 15:17:19][org.springframework.beans.factory.xml.XmlBeanDefinitionReader]Loading XML bean definitions from class path resource [applicationContext.xml]
 [INFO] [2018-01-03 15:17:20][org.springframework.beans.factory.xml.XmlBeanDefinitionReader]Loading XML bean definitions from class path resource [spring-dao.xml]
 [INFO] [2018-01-03 15:17:20][org.springframework.beans.factory.xml.XmlBeanDefinitionReader]Loading XML bean definitions from class path resource [spring-db.xml]
 [INFO] [2018-01-03 15:17:20][org.springframework.beans.factory.xml.XmlBeanDefinitionReader]Loading XML bean definitions from class path resource [spring-tx.xml]
 [WARN] [2018-01-03 15:17:20][org.mybatis.spring.mapper.ClassPathMapperScanner]No MyBatis mapper was found in '[cn.upc.database.dao]' package. Please check your configuration.
 [INFO] [2018-01-03 15:17:20][org.springframework.beans.factory.config.PropertyPlaceholderConfigurer]Loading properties file from class path resource [jdbc.properties]
 [INFO] [2018-01-03 15:17:20][org.springframework.web.context.ContextLoader]Root WebApplicationContext: initialization completed in 407 ms
 [INFO] [2018-01-03 15:17:20][org.springframework.web.servlet.DispatcherServlet]FrameworkServlet 'SpringMVC': initialization started
 [INFO] [2018-01-03 15:17:20][org.springframework.web.context.support.XmlWebApplicationContext]Refreshing WebApplicationContext for namespace 'SpringMVC-servlet': startup date [Wed Jan 03 15:17:20 CST 2018]; parent: Root WebApplicationContext
 [INFO] [2018-01-03 15:17:20][org.springframework.beans.factory.xml.XmlBeanDefinitionReader]Loading XML bean definitions from ServletContext resource [/WEB-INF/spring-mvc.xml]
 [INFO] [2018-01-03 15:17:20][org.springframework.web.servlet.mvc.method.annotation.RequestMappingHandlerMapping]Mapped "{[/auth/adminLogin],methods=[GET],params=[],headers=[],consumes=[],produces=[application/json],custom=[]}" onto public cn.upc.database.utils.ResultData<cn.upc.database.controller.login.User> cn.upc.database.controller.login.LoginController.adminLogin(cn.upc.database.controller.login.User)
 [INFO] [2018-01-03 15:17:20][org.springframework.web.servlet.handler.SimpleUrlHandlerMapping]Mapped URL path [/**] onto handler 'org.springframework.web.servlet.resource.DefaultServletHttpRequestHandler#0'
 [INFO] [2018-01-03 15:17:20][org.springframework.web.servlet.DispatcherServlet]FrameworkServlet 'SpringMVC': initialization completed in 579 ms
 [INFO] [2018-01-03 16:22:55][org.springframework.web.context.ContextLoader]Root WebApplicationContext: initialization started
 [INFO] [2018-01-03 16:22:55][org.springframework.web.context.support.XmlWebApplicationContext]Refreshing Root WebApplicationContext: startup date [Wed Jan 03 16:22:55 CST 2018]; root of context hierarchy
 [INFO] [2018-01-03 16:22:55][org.springframework.beans.factory.xml.XmlBeanDefinitionReader]Loading XML bean definitions from class path resource [applicationContext.xml]
 [INFO] [2018-01-03 16:22:55][org.springframework.beans.factory.xml.XmlBeanDefinitionReader]Loading XML bean definitions from class path resource [spring-dao.xml]
 [INFO] [2018-01-03 16:22:55][org.springframework.beans.factory.xml.XmlBeanDefinitionReader]Loading XML bean definitions from class path resource [spring-db.xml]
 [INFO] [2018-01-03 16:22:55][org.springframework.beans.factory.xml.XmlBeanDefinitionReader]Loading XML bean definitions from class path resource [spring-tx.xml]
 [WARN] [2018-01-03 16:22:55][org.mybatis.spring.mapper.ClassPathMapperScanner]No MyBatis mapper was found in '[cn.upc.database.dao]' package. Please check your configuration.
 [INFO] [2018-01-03 16:22:55][org.springframework.beans.factory.config.PropertyPlaceholderConfigurer]Loading properties file from class path resource [jdbc.properties]
 [ERROR] [2018-01-03 16:22:55][org.springframework.web.context.ContextLoader]Context initialization failed
 org.springframework.beans.factory.BeanCreationException: Error creating bean with name 'loginController': Injection of autowired dependencies failed; nested exception is org.springframework.beans.factory.BeanCreationException: Could not autowire field: private cn.upc.database.service.auth.UserService cn.upc.database.controller.login.LoginController.userService; nested exception is org.springframework.beans.factory.BeanCreationException: Error creating bean with name 'userServiceImpl': Injection of autowired dependencies failed; nested exception is org.springframework.beans.factory.BeanCreationException: Could not autowire field: private cn.upc.database.dao.user.UserDao cn.upc.database.serviceimpl.auth.UserServiceImpl.userDao; nested exception is org.springframework.beans.factory.BeanCreationException: Error creating bean with name 'userDao': Injection of autowired dependencies failed; nested exception is org.springframework.beans.factory.BeanCreationException: Could not autowire field: private org.mybatis.spring.SqlSessionTemplate cn.upc.database.dao.user.UserDao.temp; nested exception is org.springframework.beans.factory.NoSuchBeanDefinitionException: No qualifying bean of type [org.mybatis.spring.SqlSessionTemplate] found for dependency: expected at least 1 bean which qualifies as autowire candidate for this dependency. Dependency annotations: {@org.springframework.beans.factory.annotation.Autowired(required=true)}
	at org.springframework.beans.factory.annotation.AutowiredAnnotationBeanPostProcessor.postProcessPropertyValues(AutowiredAnnotationBeanPostProcessor.java:292)
	at org.springframework.beans.factory.support.AbstractAutowireCapableBeanFactory.populateBean(AbstractAutowireCapableBeanFactory.java:1185)
	at org.springframework.beans.factory.support.AbstractAutowireCapableBeanFactory.doCreateBean(AbstractAutowireCapableBeanFactory.java:537)
	at org.springframework.beans.factory.support.AbstractAutowireCapableBeanFactory.createBean(AbstractAutowireCapableBeanFactory.java:475)
	at org.springframework.beans.factory.support.AbstractBeanFactory$1.getObject(AbstractBeanFactory.java:304)
	at org.springframework.beans.factory.support.DefaultSingletonBeanRegistry.getSingleton(DefaultSingletonBeanRegistry.java:228)
	at org.springframework.beans.factory.support.AbstractBeanFactory.doGetBean(AbstractBeanFactory.java:300)
	at org.springframework.beans.factory.support.AbstractBeanFactory.getBean(AbstractBeanFactory.java:195)
	at org.springframework.beans.factory.support.DefaultListableBeanFactory.preInstantiateSingletons(DefaultListableBeanFactory.java:700)
	at org.springframework.context.support.AbstractApplicationContext.finishBeanFactoryInitialization(AbstractApplicationContext.java:760)
	at org.springframework.context.support.AbstractApplicationContext.refresh(AbstractApplicationContext.java:482)
	at org.springframework.web.context.ContextLoader.configureAndRefreshWebApplicationContext(ContextLoader.java:403)
	at org.springframework.web.context.ContextLoader.initWebApplicationContext(ContextLoader.java:306)
	at org.springframework.web.context.ContextLoaderListener.contextInitialized(ContextLoaderListener.java:106)
	at org.mortbay.jetty.handler.ContextHandler.startContext(ContextHandler.java:549)
	at org.mortbay.jetty.servlet.Context.startContext(Context.java:136)
	at org.mortbay.jetty.webapp.WebAppContext.startContext(WebAppContext.java:1282)
	at org.mortbay.jetty.handler.ContextHandler.doStart(ContextHandler.java:518)
	at org.mortbay.jetty.webapp.WebAppContext.doStart(WebAppContext.java:499)
	at org.mortbay.component.AbstractLifeCycle.start(AbstractLifeCycle.java:50)
	at org.mortbay.jetty.handler.HandlerWrapper.doStart(HandlerWrapper.java:130)
	at org.mortbay.jetty.Server.doStart(Server.java:224)
	at org.mortbay.component.AbstractLifeCycle.start(AbstractLifeCycle.java:50)
	at runjettyrun.Bootstrap.main(Bootstrap.java:97)
Caused by: org.springframework.beans.factory.BeanCreationException: Could not autowire field: private cn.upc.database.service.auth.UserService cn.upc.database.controller.login.LoginController.userService; nested exception is org.springframework.beans.factory.BeanCreationException: Error creating bean with name 'userServiceImpl': Injection of autowired dependencies failed; nested exception is org.springframework.beans.factory.BeanCreationException: Could not autowire field: private cn.upc.database.dao.user.UserDao cn.upc.database.serviceimpl.auth.UserServiceImpl.userDao; nested exception is org.springframework.beans.factory.BeanCreationException: Error creating bean with name 'userDao': Injection of autowired dependencies failed; nested exception is org.springframework.beans.factory.BeanCreationException: Could not autowire field: private org.mybatis.spring.SqlSessionTemplate cn.upc.database.dao.user.UserDao.temp; nested exception is org.springframework.beans.factory.NoSuchBeanDefinitionException: No qualifying bean of type [org.mybatis.spring.SqlSessionTemplate] found for dependency: expected at least 1 bean which qualifies as autowire candidate for this dependency. Dependency annotations: {@org.springframework.beans.factory.annotation.Autowired(required=true)}
	at org.springframework.beans.factory.annotation.AutowiredAnnotationBeanPostProcessor$AutowiredFieldElement.inject(AutowiredAnnotationBeanPostProcessor.java:508)
	at org.springframework.beans.factory.annotation.InjectionMetadata.inject(InjectionMetadata.java:87)
	at org.springframework.beans.factory.annotation.AutowiredAnnotationBeanPostProcessor.postProcessPropertyValues(AutowiredAnnotationBeanPostProcessor.java:289)
	... 23 more
Caused by: org.springframework.beans.factory.BeanCreationException: Error creating bean with name 'userServiceImpl': Injection of autowired dependencies failed; nested exception is org.springframework.beans.factory.BeanCreationException: Could not autowire field: private cn.upc.database.dao.user.UserDao cn.upc.database.serviceimpl.auth.UserServiceImpl.userDao; nested exception is org.springframework.beans.factory.BeanCreationException: Error creating bean with name 'userDao': Injection of autowired dependencies failed; nested exception is org.springframework.beans.factory.BeanCreationException: Could not autowire field: private org.mybatis.spring.SqlSessionTemplate cn.upc.database.dao.user.UserDao.temp; nested exception is org.springframework.beans.factory.NoSuchBeanDefinitionException: No qualifying bean of type [org.mybatis.spring.SqlSessionTemplate] found for dependency: expected at least 1 bean which qualifies as autowire candidate for this dependency. Dependency annotations: {@org.springframework.beans.factory.annotation.Autowired(required=true)}
	at org.springframework.beans.factory.annotation.AutowiredAnnotationBeanPostProcessor.postProcessPropertyValues(AutowiredAnnotationBeanPostProcessor.java:292)
	at org.springframework.beans.factory.support.AbstractAutowireCapableBeanFactory.populateBean(AbstractAutowireCapableBeanFactory.java:1185)
	at org.springframework.beans.factory.support.AbstractAutowireCapableBeanFactory.doCreateBean(AbstractAutowireCapableBeanFactory.java:537)
	at org.springframework.beans.factory.support.AbstractAutowireCapableBeanFactory.createBean(AbstractAutowireCapableBeanFactory.java:475)
	at org.springframework.beans.factory.support.AbstractBeanFactory$1.getObject(AbstractBeanFactory.java:304)
	at org.springframework.beans.factory.support.DefaultSingletonBeanRegistry.getSingleton(DefaultSingletonBeanRegistry.java:228)
	at org.springframework.beans.factory.support.AbstractBeanFactory.doGetBean(AbstractBeanFactory.java:300)
	at org.springframework.beans.factory.support.AbstractBeanFactory.getBean(AbstractBeanFactory.java:195)
	at org.springframework.beans.factory.support.DefaultListableBeanFactory.findAutowireCandidates(DefaultListableBeanFactory.java:1014)
	at org.springframework.beans.factory.support.DefaultListableBeanFactory.doResolveDependency(DefaultListableBeanFactory.java:957)
	at org.springframework.beans.factory.support.DefaultListableBeanFactory.resolveDependency(DefaultListableBeanFactory.java:855)
	at org.springframework.beans.factory.annotation.AutowiredAnnotationBeanPostProcessor$AutowiredFieldElement.inject(AutowiredAnnotationBeanPostProcessor.java:480)
	... 25 more
Caused by: org.springframework.beans.factory.BeanCreationException: Could not autowire field: private cn.upc.database.dao.user.UserDao cn.upc.database.serviceimpl.auth.UserServiceImpl.userDao; nested exception is org.springframework.beans.factory.BeanCreationException: Error creating bean with name 'userDao': Injection of autowired dependencies failed; nested exception is org.springframework.beans.factory.BeanCreationException: Could not autowire field: private org.mybatis.spring.SqlSessionTemplate cn.upc.database.dao.user.UserDao.temp; nested exception is org.springframework.beans.factory.NoSuchBeanDefinitionException: No qualifying bean of type [org.mybatis.spring.SqlSessionTemplate] found for dependency: expected at least 1 bean which qualifies as autowire candidate for this dependency. Dependency annotations: {@org.springframework.beans.factory.annotation.Autowired(required=true)}
	at org.springframework.beans.factory.annotation.AutowiredAnnotationBeanPostProcessor$AutowiredFieldElement.inject(AutowiredAnnotationBeanPostProcessor.java:508)
	at org.springframework.beans.factory.annotation.InjectionMetadata.inject(InjectionMetadata.java:87)
	at org.springframework.beans.factory.annotation.AutowiredAnnotationBeanPostProcessor.postProcessPropertyValues(AutowiredAnnotationBeanPostProcessor.java:289)
	... 36 more
Caused by: org.springframework.beans.factory.BeanCreationException: Error creating bean with name 'userDao': Injection of autowired dependencies failed; nested exception is org.springframework.beans.factory.BeanCreationException: Could not autowire field: private org.mybatis.spring.SqlSessionTemplate cn.upc.database.dao.user.UserDao.temp; nested exception is org.springframework.beans.factory.NoSuchBeanDefinitionException: No qualifying bean of type [org.mybatis.spring.SqlSessionTemplate] found for dependency: expected at least 1 bean which qualifies as autowire candidate for this dependency. Dependency annotations: {@org.springframework.beans.factory.annotation.Autowired(required=true)}
	at org.springframework.beans.factory.annotation.AutowiredAnnotationBeanPostProcessor.postProcessPropertyValues(AutowiredAnnotationBeanPostProcessor.java:292)
	at org.springframework.beans.factory.support.AbstractAutowireCapableBeanFactory.populateBean(AbstractAutowireCapableBeanFactory.java:1185)
	at org.springframework.beans.factory.support.AbstractAutowireCapableBeanFactory.doCreateBean(AbstractAutowireCapableBeanFactory.java:537)
	at org.springframework.beans.factory.support.AbstractAutowireCapableBeanFactory.createBean(AbstractAutowireCapableBeanFactory.java:475)
	at org.springframework.beans.factory.support.AbstractBeanFactory$1.getObject(AbstractBeanFactory.java:304)
	at org.springframework.beans.factory.support.DefaultSingletonBeanRegistry.getSingleton(DefaultSingletonBeanRegistry.java:228)
	at org.springframework.beans.factory.support.AbstractBeanFactory.doGetBean(AbstractBeanFactory.java:300)
	at org.springframework.beans.factory.support.AbstractBeanFactory.getBean(AbstractBeanFactory.java:195)
	at org.springframework.beans.factory.support.DefaultListableBeanFactory.findAutowireCandidates(DefaultListableBeanFactory.java:1014)
	at org.springframework.beans.factory.support.DefaultListableBeanFactory.doResolveDependency(DefaultListableBeanFactory.java:957)
	at org.springframework.beans.factory.support.DefaultListableBeanFactory.resolveDependency(DefaultListableBeanFactory.java:855)
	at org.springframework.beans.factory.annotation.AutowiredAnnotationBeanPostProcessor$AutowiredFieldElement.inject(AutowiredAnnotationBeanPostProcessor.java:480)
	... 38 more
Caused by: org.springframework.beans.factory.BeanCreationException: Could not autowire field: private org.mybatis.spring.SqlSessionTemplate cn.upc.database.dao.user.UserDao.temp; nested exception is org.springframework.beans.factory.NoSuchBeanDefinitionException: No qualifying bean of type [org.mybatis.spring.SqlSessionTemplate] found for dependency: expected at least 1 bean which qualifies as autowire candidate for this dependency. Dependency annotations: {@org.springframework.beans.factory.annotation.Autowired(required=true)}
	at org.springframework.beans.factory.annotation.AutowiredAnnotationBeanPostProcessor$AutowiredFieldElement.inject(AutowiredAnnotationBeanPostProcessor.java:508)
	at org.springframework.beans.factory.annotation.InjectionMetadata.inject(InjectionMetadata.java:87)
	at org.springframework.beans.factory.annotation.AutowiredAnnotationBeanPostProcessor.postProcessPropertyValues(AutowiredAnnotationBeanPostProcessor.java:289)
	... 49 more
Caused by: org.springframework.beans.factory.NoSuchBeanDefinitionException: No qualifying bean of type [org.mybatis.spring.SqlSessionTemplate] found for dependency: expected at least 1 bean which qualifies as autowire candidate for this dependency. Dependency annotations: {@org.springframework.beans.factory.annotation.Autowired(required=true)}
	at org.springframework.beans.factory.support.DefaultListableBeanFactory.raiseNoSuchBeanDefinitionException(DefaultListableBeanFactory.java:1100)
	at org.springframework.beans.factory.support.DefaultListableBeanFactory.doResolveDependency(DefaultListableBeanFactory.java:960)
	at org.springframework.beans.factory.support.DefaultListableBeanFactory.resolveDependency(DefaultListableBeanFactory.java:855)
	at org.springframework.beans.factory.annotation.AutowiredAnnotationBeanPostProcessor$AutowiredFieldElement.inject(AutowiredAnnotationBeanPostProcessor.java:480)
	... 51 more
